<?xml version="1.0" encoding="UTF-8"?>
<testsuite xmlns:xsi="http://www.w3.org/2001/XMLSchema-instance" xsi:noNamespaceSchemaLocation="https://maven.apache.org/surefire/maven-surefire-plugin/xsd/surefire-test-report-3.0.xsd" version="3.0" name="TestSuite" time="0.937" tests="5" errors="0" skipped="0" failures="0">
  <properties>
    <property name="gopherProxySet" value="false"/>
    <property name="awt.toolkit" value="sun.lwawt.macosx.LWCToolkit"/>
    <property name="java.specification.version" value="11"/>
    <property name="sun.cpu.isalist" value=""/>
    <property name="sun.jnu.encoding" value="UTF-8"/>
    <property name="java.class.path" value="/Users/fxnazao/eclipse-workspace/maven/target/test-classes:/Users/fxnazao/eclipse-workspace/maven/target/classes:/Users/fxnazao/.m2/repository/junit/junit/4.11/junit-4.11.jar:/Users/fxnazao/.m2/repository/org/hamcrest/hamcrest-core/1.3/hamcrest-core-1.3.jar:/Users/fxnazao/.m2/repository/org/seleniumhq/selenium/selenium-java/4.1.2/selenium-java-4.1.2.jar:/Users/fxnazao/.m2/repository/org/seleniumhq/selenium/selenium-api/4.1.2/selenium-api-4.1.2.jar:/Users/fxnazao/.m2/repository/org/seleniumhq/selenium/selenium-chrome-driver/4.1.2/selenium-chrome-driver-4.1.2.jar:/Users/fxnazao/.m2/repository/com/google/auto/service/auto-service-annotations/1.0.1/auto-service-annotations-1.0.1.jar:/Users/fxnazao/.m2/repository/com/google/auto/service/auto-service/1.0.1/auto-service-1.0.1.jar:/Users/fxnazao/.m2/repository/com/google/auto/auto-common/1.2/auto-common-1.2.jar:/Users/fxnazao/.m2/repository/com/google/guava/guava/31.0.1-jre/guava-31.0.1-jre.jar:/Users/fxnazao/.m2/repository/com/google/guava/failureaccess/1.0.1/failureaccess-1.0.1.jar:/Users/fxnazao/.m2/repository/com/google/guava/listenablefuture/9999.0-empty-to-avoid-conflict-with-guava/listenablefuture-9999.0-empty-to-avoid-conflict-with-guava.jar:/Users/fxnazao/.m2/repository/org/checkerframework/checker-qual/3.12.0/checker-qual-3.12.0.jar:/Users/fxnazao/.m2/repository/com/google/errorprone/error_prone_annotations/2.7.1/error_prone_annotations-2.7.1.jar:/Users/fxnazao/.m2/repository/com/google/j2objc/j2objc-annotations/1.3/j2objc-annotations-1.3.jar:/Users/fxnazao/.m2/repository/org/seleniumhq/selenium/selenium-chromium-driver/4.1.2/selenium-chromium-driver-4.1.2.jar:/Users/fxnazao/.m2/repository/org/seleniumhq/selenium/selenium-json/4.1.2/selenium-json-4.1.2.jar:/Users/fxnazao/.m2/repository/org/seleniumhq/selenium/selenium-devtools-v85/4.1.2/selenium-devtools-v85-4.1.2.jar:/Users/fxnazao/.m2/repository/org/seleniumhq/selenium/selenium-devtools-v95/4.1.2/selenium-devtools-v95-4.1.2.jar:/Users/fxnazao/.m2/repository/org/seleniumhq/selenium/selenium-devtools-v96/4.1.2/selenium-devtools-v96-4.1.2.jar:/Users/fxnazao/.m2/repository/org/seleniumhq/selenium/selenium-devtools-v97/4.1.2/selenium-devtools-v97-4.1.2.jar:/Users/fxnazao/.m2/repository/org/seleniumhq/selenium/selenium-edge-driver/4.1.2/selenium-edge-driver-4.1.2.jar:/Users/fxnazao/.m2/repository/org/seleniumhq/selenium/selenium-firefox-driver/4.1.2/selenium-firefox-driver-4.1.2.jar:/Users/fxnazao/.m2/repository/org/seleniumhq/selenium/selenium-firefox-xpi-driver/4.1.2/selenium-firefox-xpi-driver-4.1.2.jar:/Users/fxnazao/.m2/repository/org/seleniumhq/selenium/selenium-ie-driver/4.1.2/selenium-ie-driver-4.1.2.jar:/Users/fxnazao/.m2/repository/org/seleniumhq/selenium/selenium-opera-driver/4.1.2/selenium-opera-driver-4.1.2.jar:/Users/fxnazao/.m2/repository/org/seleniumhq/selenium/selenium-remote-driver/4.1.2/selenium-remote-driver-4.1.2.jar:/Users/fxnazao/.m2/repository/io/netty/netty-buffer/4.1.73.Final/netty-buffer-4.1.73.Final.jar:/Users/fxnazao/.m2/repository/io/netty/netty-codec-http/4.1.73.Final/netty-codec-http-4.1.73.Final.jar:/Users/fxnazao/.m2/repository/io/netty/netty-codec/4.1.73.Final/netty-codec-4.1.73.Final.jar:/Users/fxnazao/.m2/repository/io/netty/netty-handler/4.1.73.Final/netty-handler-4.1.73.Final.jar:/Users/fxnazao/.m2/repository/io/netty/netty-tcnative-classes/2.0.46.Final/netty-tcnative-classes-2.0.46.Final.jar:/Users/fxnazao/.m2/repository/io/netty/netty-common/4.1.73.Final/netty-common-4.1.73.Final.jar:/Users/fxnazao/.m2/repository/io/netty/netty-transport-classes-epoll/4.1.73.Final/netty-transport-classes-epoll-4.1.73.Final.jar:/Users/fxnazao/.m2/repository/io/netty/netty-transport-classes-kqueue/4.1.73.Final/netty-transport-classes-kqueue-4.1.73.Final.jar:/Users/fxnazao/.m2/repository/io/netty/netty-transport-native-epoll/4.1.73.Final/netty-transport-native-epoll-4.1.73.Final.jar:/Users/fxnazao/.m2/repository/io/netty/netty-transport-native-kqueue/4.1.73.Final/netty-transport-native-kqueue-4.1.73.Final.jar:/Users/fxnazao/.m2/repository/io/netty/netty-transport-native-unix-common/4.1.73.Final/netty-transport-native-unix-common-4.1.73.Final.jar:/Users/fxnazao/.m2/repository/io/netty/netty-transport/4.1.73.Final/netty-transport-4.1.73.Final.jar:/Users/fxnazao/.m2/repository/io/netty/netty-resolver/4.1.73.Final/netty-resolver-4.1.73.Final.jar:/Users/fxnazao/.m2/repository/io/opentelemetry/opentelemetry-api/1.10.1/opentelemetry-api-1.10.1.jar:/Users/fxnazao/.m2/repository/io/opentelemetry/opentelemetry-context/1.10.1/opentelemetry-context-1.10.1.jar:/Users/fxnazao/.m2/repository/io/opentelemetry/opentelemetry-exporter-logging/1.10.1/opentelemetry-exporter-logging-1.10.1.jar:/Users/fxnazao/.m2/repository/io/opentelemetry/opentelemetry-sdk-metrics/1.10.1-alpha/opentelemetry-sdk-metrics-1.10.1-alpha.jar:/Users/fxnazao/.m2/repository/io/opentelemetry/opentelemetry-sdk-logs/1.10.1-alpha/opentelemetry-sdk-logs-1.10.1-alpha.jar:/Users/fxnazao/.m2/repository/io/opentelemetry/opentelemetry-sdk-common/1.10.1/opentelemetry-sdk-common-1.10.1.jar:/Users/fxnazao/.m2/repository/io/opentelemetry/opentelemetry-sdk-extension-autoconfigure-spi/1.10.1/opentelemetry-sdk-extension-autoconfigure-spi-1.10.1.jar:/Users/fxnazao/.m2/repository/io/opentelemetry/opentelemetry-sdk-extension-autoconfigure/1.10.1-alpha/opentelemetry-sdk-extension-autoconfigure-1.10.1-alpha.jar:/Users/fxnazao/.m2/repository/io/opentelemetry/opentelemetry-sdk-trace/1.10.1/opentelemetry-sdk-trace-1.10.1.jar:/Users/fxnazao/.m2/repository/io/opentelemetry/opentelemetry-sdk/1.10.1/opentelemetry-sdk-1.10.1.jar:/Users/fxnazao/.m2/repository/io/opentelemetry/opentelemetry-semconv/1.10.1-alpha/opentelemetry-semconv-1.10.1-alpha.jar:/Users/fxnazao/.m2/repository/io/ous/jtoml/2.0.0/jtoml-2.0.0.jar:/Users/fxnazao/.m2/repository/net/bytebuddy/byte-buddy/1.12.7/byte-buddy-1.12.7.jar:/Users/fxnazao/.m2/repository/org/apache/commons/commons-exec/1.3/commons-exec-1.3.jar:/Users/fxnazao/.m2/repository/org/asynchttpclient/async-http-client/2.12.3/async-http-client-2.12.3.jar:/Users/fxnazao/.m2/repository/org/asynchttpclient/async-http-client-netty-utils/2.12.3/async-http-client-netty-utils-2.12.3.jar:/Users/fxnazao/.m2/repository/io/netty/netty-codec-socks/4.1.60.Final/netty-codec-socks-4.1.60.Final.jar:/Users/fxnazao/.m2/repository/io/netty/netty-handler-proxy/4.1.60.Final/netty-handler-proxy-4.1.60.Final.jar:/Users/fxnazao/.m2/repository/io/netty/netty-transport-native-epoll/4.1.60.Final/netty-transport-native-epoll-4.1.60.Final-linux-x86_64.jar:/Users/fxnazao/.m2/repository/io/netty/netty-transport-native-kqueue/4.1.60.Final/netty-transport-native-kqueue-4.1.60.Final-osx-x86_64.jar:/Users/fxnazao/.m2/repository/org/reactivestreams/reactive-streams/1.0.3/reactive-streams-1.0.3.jar:/Users/fxnazao/.m2/repository/com/typesafe/netty/netty-reactive-streams/2.0.4/netty-reactive-streams-2.0.4.jar:/Users/fxnazao/.m2/repository/com/sun/activation/jakarta.activation/1.2.2/jakarta.activation-1.2.2.jar:/Users/fxnazao/.m2/repository/org/seleniumhq/selenium/selenium-http/4.1.2/selenium-http-4.1.2.jar:/Users/fxnazao/.m2/repository/net/jodah/failsafe/2.4.4/failsafe-2.4.4.jar:/Users/fxnazao/.m2/repository/org/seleniumhq/selenium/selenium-safari-driver/4.1.2/selenium-safari-driver-4.1.2.jar:/Users/fxnazao/.m2/repository/org/seleniumhq/selenium/selenium-support/4.1.2/selenium-support-4.1.2.jar:/Users/fxnazao/.m2/repository/org/testng/testng/7.5/testng-7.5.jar:/Users/fxnazao/.m2/repository/com/google/code/findbugs/jsr305/3.0.1/jsr305-3.0.1.jar:/Users/fxnazao/.m2/repository/org/slf4j/slf4j-api/1.7.32/slf4j-api-1.7.32.jar:/Users/fxnazao/.m2/repository/com/beust/jcommander/1.78/jcommander-1.78.jar:/Users/fxnazao/.m2/repository/org/webjars/jquery/3.5.1/jquery-3.5.1.jar:/Users/fxnazao/.m2/repository/io/rest-assured/rest-assured/4.5.0/rest-assured-4.5.0.jar:/Users/fxnazao/.m2/repository/org/codehaus/groovy/groovy/3.0.9/groovy-3.0.9.jar:/Users/fxnazao/.m2/repository/org/codehaus/groovy/groovy-xml/3.0.9/groovy-xml-3.0.9.jar:/Users/fxnazao/.m2/repository/org/apache/httpcomponents/httpclient/4.5.13/httpclient-4.5.13.jar:/Users/fxnazao/.m2/repository/org/apache/httpcomponents/httpcore/4.4.13/httpcore-4.4.13.jar:/Users/fxnazao/.m2/repository/commons-logging/commons-logging/1.2/commons-logging-1.2.jar:/Users/fxnazao/.m2/repository/commons-codec/commons-codec/1.11/commons-codec-1.11.jar:/Users/fxnazao/.m2/repository/org/apache/httpcomponents/httpmime/4.5.13/httpmime-4.5.13.jar:/Users/fxnazao/.m2/repository/org/hamcrest/hamcrest/2.1/hamcrest-2.1.jar:/Users/fxnazao/.m2/repository/org/ccil/cowan/tagsoup/tagsoup/1.2.1/tagsoup-1.2.1.jar:/Users/fxnazao/.m2/repository/io/rest-assured/json-path/4.5.0/json-path-4.5.0.jar:/Users/fxnazao/.m2/repository/org/codehaus/groovy/groovy-json/3.0.9/groovy-json-3.0.9.jar:/Users/fxnazao/.m2/repository/io/rest-assured/rest-assured-common/4.5.0/rest-assured-common-4.5.0.jar:/Users/fxnazao/.m2/repository/io/rest-assured/xml-path/4.5.0/xml-path-4.5.0.jar:/Users/fxnazao/.m2/repository/org/apache/commons/commons-lang3/3.11/commons-lang3-3.11.jar:/Users/fxnazao/.m2/repository/com/comcast/magic-wand/appium/4.0.3/appium-4.0.3.jar:/Users/fxnazao/.m2/repository/com/comcast/video/dawg/dawg-common/2.0.1/dawg-common-2.0.1.jar:/Users/fxnazao/.m2/repository/com/comcast/video/stb-io-api/2.0.1/stb-io-api-2.0.1.jar:/Users/fxnazao/.m2/repository/org/ini4j/ini4j/0.5.4/ini4j-0.5.4.jar:/Users/fxnazao/.m2/repository/org/easymock/easymock/3.1/easymock-3.1.jar:/Users/fxnazao/.m2/repository/cglib/cglib-nodep/2.2.2/cglib-nodep-2.2.2.jar:/Users/fxnazao/.m2/repository/org/objenesis/objenesis/1.2/objenesis-1.2.jar:/Users/fxnazao/.m2/repository/javax/servlet/servlet-api/2.5/servlet-api-2.5.jar:/Users/fxnazao/.m2/repository/javax/servlet/jstl/1.2/jstl-1.2.jar:/Users/fxnazao/.m2/repository/org/springframework/spring-oxm/3.2.14.RELEASE/spring-oxm-3.2.14.RELEASE.jar:/Users/fxnazao/.m2/repository/org/springframework/spring-context/3.2.14.RELEASE/spring-context-3.2.14.RELEASE.jar:/Users/fxnazao/.m2/repository/org/springframework/spring-aop/3.2.14.RELEASE/spring-aop-3.2.14.RELEASE.jar:/Users/fxnazao/.m2/repository/aopalliance/aopalliance/1.0/aopalliance-1.0.jar:/Users/fxnazao/.m2/repository/org/springframework/spring-expression/3.2.14.RELEASE/spring-expression-3.2.14.RELEASE.jar:/Users/fxnazao/.m2/repository/org/springframework/spring-webmvc/3.2.14.RELEASE/spring-webmvc-3.2.14.RELEASE.jar:/Users/fxnazao/.m2/repository/org/springframework/spring-core/3.2.14.RELEASE/spring-core-3.2.14.RELEASE.jar:/Users/fxnazao/.m2/repository/org/springframework/spring-web/3.2.14.RELEASE/spring-web-3.2.14.RELEASE.jar:/Users/fxnazao/.m2/repository/org/springframework/spring-jdbc/3.2.14.RELEASE/spring-jdbc-3.2.14.RELEASE.jar:/Users/fxnazao/.m2/repository/org/springframework/spring-tx/3.2.14.RELEASE/spring-tx-3.2.14.RELEASE.jar:/Users/fxnazao/.m2/repository/org/springframework/spring-beans/3.2.14.RELEASE/spring-beans-3.2.14.RELEASE.jar:/Users/fxnazao/.m2/repository/org/springframework/spring-test/3.2.14.RELEASE/spring-test-3.2.14.RELEASE.jar:/Users/fxnazao/.m2/repository/org/aspectj/aspectjrt/1.7.0/aspectjrt-1.7.0.jar:/Users/fxnazao/.m2/repository/org/slf4j/jcl-over-slf4j/1.7.1/jcl-over-slf4j-1.7.1.jar:/Users/fxnazao/.m2/repository/commons-io/commons-io/2.4/commons-io-2.4.jar:/Users/fxnazao/.m2/repository/commons-lang/commons-lang/2.6/commons-lang-2.6.jar:/Users/fxnazao/.m2/repository/com/comcast/cereal/cereal/4.0.2/cereal-4.0.2.jar:/Users/fxnazao/.m2/repository/commons-beanutils/commons-beanutils/1.7.0/commons-beanutils-1.7.0.jar:/Users/fxnazao/.m2/repository/org/yaml/snakeyaml/1.11/snakeyaml-1.11.jar:/Users/fxnazao/.m2/repository/joda-time/joda-time/1.5/joda-time-1.5.jar:/Users/fxnazao/.m2/repository/org/json/json/20140107/json-20140107.jar:/Users/fxnazao/.m2/repository/org/codehaus/jackson/jackson-mapper-asl/1.9.12/jackson-mapper-asl-1.9.12.jar:/Users/fxnazao/.m2/repository/org/codehaus/jackson/jackson-core-asl/1.9.12/jackson-core-asl-1.9.12.jar:/Users/fxnazao/.m2/repository/com/comcast/pantry/pantry/2.0.8/pantry-2.0.8.jar:/Users/fxnazao/.m2/repository/org/apache/commons/commons-compress/1.9/commons-compress-1.9.jar:/Users/fxnazao/.m2/repository/log4j/log4j/1.2.17/log4j-1.2.17.jar:/Users/fxnazao/.m2/repository/org/eclipse/jetty/websocket/websocket-client/9.1.0.M0/websocket-client-9.1.0.M0.jar:/Users/fxnazao/.m2/repository/org/eclipse/jetty/jetty-util/9.1.0.M0/jetty-util-9.1.0.M0.jar:/Users/fxnazao/.m2/repository/org/eclipse/jetty/jetty-io/9.1.0.M0/jetty-io-9.1.0.M0.jar:/Users/fxnazao/.m2/repository/org/eclipse/jetty/websocket/websocket-common/9.1.0.M0/websocket-common-9.1.0.M0.jar:/Users/fxnazao/.m2/repository/org/eclipse/jetty/websocket/websocket-api/9.1.0.M0/websocket-api-9.1.0.M0.jar:/Users/fxnazao/.m2/repository/javax/inject/javax.inject/1/javax.inject-1.jar:/Users/fxnazao/.m2/repository/org/springframework/data/spring-data-mongodb/1.5.4.RELEASE/spring-data-mongodb-1.5.4.RELEASE.jar:/Users/fxnazao/.m2/repository/org/springframework/data/spring-data-commons/1.8.4.RELEASE/spring-data-commons-1.8.4.RELEASE.jar:/Users/fxnazao/.m2/repository/org/mongodb/mongo-java-driver/2.12.1/mongo-java-driver-2.12.1.jar:/Users/fxnazao/.m2/repository/taglibs/standard/1.1.2/standard-1.1.2.jar:/Users/fxnazao/.m2/repository/eu/bitwalker/UserAgentUtils/1.18/UserAgentUtils-1.18.jar:/Users/fxnazao/.m2/repository/org/eclipse/jetty/aggregate/jetty-all-server/7.6.7.v20120910/jetty-all-server-7.6.7.v20120910.jar:/Users/fxnazao/.m2/repository/org/eclipse/jetty/orbit/javax.security.auth.message/1.0.0.v201108011116/javax.security.auth.message-1.0.0.v201108011116.jar:/Users/fxnazao/.m2/repository/org/eclipse/jetty/orbit/javax.mail.glassfish/1.4.1.v201005082020/javax.mail.glassfish-1.4.1.v201005082020.jar:/Users/fxnazao/.m2/repository/org/eclipse/jetty/orbit/javax.activation/1.1.0.v201105071233/javax.activation-1.1.0.v201105071233.jar:/Users/fxnazao/.m2/repository/org/eclipse/jetty/orbit/javax.annotation/1.1.0.v201108011116/javax.annotation-1.1.0.v201108011116.jar:/Users/fxnazao/.m2/repository/org/reflections/reflections/0.9.9-RC2/reflections-0.9.9-RC2.jar:/Users/fxnazao/.m2/repository/org/javassist/javassist/3.18.2-GA/javassist-3.18.2-GA.jar:/Users/fxnazao/.m2/repository/com/google/code/findbugs/annotations/2.0.1/annotations-2.0.1.jar:/Users/fxnazao/.m2/repository/dom4j/dom4j/1.6.1/dom4j-1.6.1.jar:/Users/fxnazao/.m2/repository/xml-apis/xml-apis/1.0.b2/xml-apis-1.0.b2.jar:/Users/fxnazao/.m2/repository/com/comcast/video/dawg/dawg-client/2.0.1/dawg-client-2.0.1.jar:/Users/fxnazao/.m2/repository/com/comcast/drivethru/drive-thru/2.0.3/drive-thru-2.0.3.jar:/Users/fxnazao/.m2/repository/com/google/code/gson/gson/2.2.4/gson-2.2.4.jar:/Users/fxnazao/.m2/repository/oauth/signpost/signpost-core/1.2.1/signpost-core-1.2.1.jar:/Users/fxnazao/.m2/repository/oauth/signpost/signpost-commonshttp4/1.2.1/signpost-commonshttp4-1.2.1.jar:/Users/fxnazao/.m2/repository/com/comcast/magic-wand/core/4.0.3/core-4.0.3.jar:/Users/fxnazao/.m2/repository/io/appium/java-client/2.2.0/java-client-2.2.0.jar:/Users/fxnazao/.m2/repository/cglib/cglib/3.1/cglib-3.1.jar:/Users/fxnazao/.m2/repository/org/ow2/asm/asm/4.2/asm-4.2.jar:/Users/fxnazao/.m2/repository/ch/qos/logback/logback-classic/1.1.2/logback-classic-1.1.2.jar:/Users/fxnazao/.m2/repository/ch/qos/logback/logback-core/1.1.2/logback-core-1.1.2.jar:"/>
    <property name="java.vm.vendor" value="Oracle Corporation"/>
    <property name="sun.arch.data.model" value="64"/>
    <property name="java.vendor.url" value="https://openjdk.java.net/"/>
    <property name="user.timezone" value="Europe/Warsaw"/>
    <property name="java.vm.specification.version" value="11"/>
    <property name="os.name" value="Mac OS X"/>
    <property name="sun.java.launcher" value="SUN_STANDARD"/>
    <property name="user.country" value="PL"/>
    <property name="sun.boot.library.path" value="/Library/Java/JavaVirtualMachines/jdk-11.0.14.jdk/Contents/Home/lib"/>
    <property name="sun.java.command" value="/Users/fxnazao/eclipse-workspace/maven/target/surefire/surefirebooter11959661714126689722.jar /Users/fxnazao/eclipse-workspace/maven/target/surefire 2022-02-07T13-36-15_314-jvmRun1 surefire10943408843713473856tmp surefire_012905447811649995405tmp"/>
    <property name="http.nonProxyHosts" value="local|*.local|169.254/16|*.169.254/16"/>
    <property name="jdk.debug" value="release"/>
    <property name="surefire.test.class.path" value="/Users/fxnazao/eclipse-workspace/maven/target/test-classes:/Users/fxnazao/eclipse-workspace/maven/target/classes:/Users/fxnazao/.m2/repository/junit/junit/4.11/junit-4.11.jar:/Users/fxnazao/.m2/repository/org/hamcrest/hamcrest-core/1.3/hamcrest-core-1.3.jar:/Users/fxnazao/.m2/repository/org/seleniumhq/selenium/selenium-java/4.1.2/selenium-java-4.1.2.jar:/Users/fxnazao/.m2/repository/org/seleniumhq/selenium/selenium-api/4.1.2/selenium-api-4.1.2.jar:/Users/fxnazao/.m2/repository/org/seleniumhq/selenium/selenium-chrome-driver/4.1.2/selenium-chrome-driver-4.1.2.jar:/Users/fxnazao/.m2/repository/com/google/auto/service/auto-service-annotations/1.0.1/auto-service-annotations-1.0.1.jar:/Users/fxnazao/.m2/repository/com/google/auto/service/auto-service/1.0.1/auto-service-1.0.1.jar:/Users/fxnazao/.m2/repository/com/google/auto/auto-common/1.2/auto-common-1.2.jar:/Users/fxnazao/.m2/repository/com/google/guava/guava/31.0.1-jre/guava-31.0.1-jre.jar:/Users/fxnazao/.m2/repository/com/google/guava/failureaccess/1.0.1/failureaccess-1.0.1.jar:/Users/fxnazao/.m2/repository/com/google/guava/listenablefuture/9999.0-empty-to-avoid-conflict-with-guava/listenablefuture-9999.0-empty-to-avoid-conflict-with-guava.jar:/Users/fxnazao/.m2/repository/org/checkerframework/checker-qual/3.12.0/checker-qual-3.12.0.jar:/Users/fxnazao/.m2/repository/com/google/errorprone/error_prone_annotations/2.7.1/error_prone_annotations-2.7.1.jar:/Users/fxnazao/.m2/repository/com/google/j2objc/j2objc-annotations/1.3/j2objc-annotations-1.3.jar:/Users/fxnazao/.m2/repository/org/seleniumhq/selenium/selenium-chromium-driver/4.1.2/selenium-chromium-driver-4.1.2.jar:/Users/fxnazao/.m2/repository/org/seleniumhq/selenium/selenium-json/4.1.2/selenium-json-4.1.2.jar:/Users/fxnazao/.m2/repository/org/seleniumhq/selenium/selenium-devtools-v85/4.1.2/selenium-devtools-v85-4.1.2.jar:/Users/fxnazao/.m2/repository/org/seleniumhq/selenium/selenium-devtools-v95/4.1.2/selenium-devtools-v95-4.1.2.jar:/Users/fxnazao/.m2/repository/org/seleniumhq/selenium/selenium-devtools-v96/4.1.2/selenium-devtools-v96-4.1.2.jar:/Users/fxnazao/.m2/repository/org/seleniumhq/selenium/selenium-devtools-v97/4.1.2/selenium-devtools-v97-4.1.2.jar:/Users/fxnazao/.m2/repository/org/seleniumhq/selenium/selenium-edge-driver/4.1.2/selenium-edge-driver-4.1.2.jar:/Users/fxnazao/.m2/repository/org/seleniumhq/selenium/selenium-firefox-driver/4.1.2/selenium-firefox-driver-4.1.2.jar:/Users/fxnazao/.m2/repository/org/seleniumhq/selenium/selenium-firefox-xpi-driver/4.1.2/selenium-firefox-xpi-driver-4.1.2.jar:/Users/fxnazao/.m2/repository/org/seleniumhq/selenium/selenium-ie-driver/4.1.2/selenium-ie-driver-4.1.2.jar:/Users/fxnazao/.m2/repository/org/seleniumhq/selenium/selenium-opera-driver/4.1.2/selenium-opera-driver-4.1.2.jar:/Users/fxnazao/.m2/repository/org/seleniumhq/selenium/selenium-remote-driver/4.1.2/selenium-remote-driver-4.1.2.jar:/Users/fxnazao/.m2/repository/io/netty/netty-buffer/4.1.73.Final/netty-buffer-4.1.73.Final.jar:/Users/fxnazao/.m2/repository/io/netty/netty-codec-http/4.1.73.Final/netty-codec-http-4.1.73.Final.jar:/Users/fxnazao/.m2/repository/io/netty/netty-codec/4.1.73.Final/netty-codec-4.1.73.Final.jar:/Users/fxnazao/.m2/repository/io/netty/netty-handler/4.1.73.Final/netty-handler-4.1.73.Final.jar:/Users/fxnazao/.m2/repository/io/netty/netty-tcnative-classes/2.0.46.Final/netty-tcnative-classes-2.0.46.Final.jar:/Users/fxnazao/.m2/repository/io/netty/netty-common/4.1.73.Final/netty-common-4.1.73.Final.jar:/Users/fxnazao/.m2/repository/io/netty/netty-transport-classes-epoll/4.1.73.Final/netty-transport-classes-epoll-4.1.73.Final.jar:/Users/fxnazao/.m2/repository/io/netty/netty-transport-classes-kqueue/4.1.73.Final/netty-transport-classes-kqueue-4.1.73.Final.jar:/Users/fxnazao/.m2/repository/io/netty/netty-transport-native-epoll/4.1.73.Final/netty-transport-native-epoll-4.1.73.Final.jar:/Users/fxnazao/.m2/repository/io/netty/netty-transport-native-kqueue/4.1.73.Final/netty-transport-native-kqueue-4.1.73.Final.jar:/Users/fxnazao/.m2/repository/io/netty/netty-transport-native-unix-common/4.1.73.Final/netty-transport-native-unix-common-4.1.73.Final.jar:/Users/fxnazao/.m2/repository/io/netty/netty-transport/4.1.73.Final/netty-transport-4.1.73.Final.jar:/Users/fxnazao/.m2/repository/io/netty/netty-resolver/4.1.73.Final/netty-resolver-4.1.73.Final.jar:/Users/fxnazao/.m2/repository/io/opentelemetry/opentelemetry-api/1.10.1/opentelemetry-api-1.10.1.jar:/Users/fxnazao/.m2/repository/io/opentelemetry/opentelemetry-context/1.10.1/opentelemetry-context-1.10.1.jar:/Users/fxnazao/.m2/repository/io/opentelemetry/opentelemetry-exporter-logging/1.10.1/opentelemetry-exporter-logging-1.10.1.jar:/Users/fxnazao/.m2/repository/io/opentelemetry/opentelemetry-sdk-metrics/1.10.1-alpha/opentelemetry-sdk-metrics-1.10.1-alpha.jar:/Users/fxnazao/.m2/repository/io/opentelemetry/opentelemetry-sdk-logs/1.10.1-alpha/opentelemetry-sdk-logs-1.10.1-alpha.jar:/Users/fxnazao/.m2/repository/io/opentelemetry/opentelemetry-sdk-common/1.10.1/opentelemetry-sdk-common-1.10.1.jar:/Users/fxnazao/.m2/repository/io/opentelemetry/opentelemetry-sdk-extension-autoconfigure-spi/1.10.1/opentelemetry-sdk-extension-autoconfigure-spi-1.10.1.jar:/Users/fxnazao/.m2/repository/io/opentelemetry/opentelemetry-sdk-extension-autoconfigure/1.10.1-alpha/opentelemetry-sdk-extension-autoconfigure-1.10.1-alpha.jar:/Users/fxnazao/.m2/repository/io/opentelemetry/opentelemetry-sdk-trace/1.10.1/opentelemetry-sdk-trace-1.10.1.jar:/Users/fxnazao/.m2/repository/io/opentelemetry/opentelemetry-sdk/1.10.1/opentelemetry-sdk-1.10.1.jar:/Users/fxnazao/.m2/repository/io/opentelemetry/opentelemetry-semconv/1.10.1-alpha/opentelemetry-semconv-1.10.1-alpha.jar:/Users/fxnazao/.m2/repository/io/ous/jtoml/2.0.0/jtoml-2.0.0.jar:/Users/fxnazao/.m2/repository/net/bytebuddy/byte-buddy/1.12.7/byte-buddy-1.12.7.jar:/Users/fxnazao/.m2/repository/org/apache/commons/commons-exec/1.3/commons-exec-1.3.jar:/Users/fxnazao/.m2/repository/org/asynchttpclient/async-http-client/2.12.3/async-http-client-2.12.3.jar:/Users/fxnazao/.m2/repository/org/asynchttpclient/async-http-client-netty-utils/2.12.3/async-http-client-netty-utils-2.12.3.jar:/Users/fxnazao/.m2/repository/io/netty/netty-codec-socks/4.1.60.Final/netty-codec-socks-4.1.60.Final.jar:/Users/fxnazao/.m2/repository/io/netty/netty-handler-proxy/4.1.60.Final/netty-handler-proxy-4.1.60.Final.jar:/Users/fxnazao/.m2/repository/io/netty/netty-transport-native-epoll/4.1.60.Final/netty-transport-native-epoll-4.1.60.Final-linux-x86_64.jar:/Users/fxnazao/.m2/repository/io/netty/netty-transport-native-kqueue/4.1.60.Final/netty-transport-native-kqueue-4.1.60.Final-osx-x86_64.jar:/Users/fxnazao/.m2/repository/org/reactivestreams/reactive-streams/1.0.3/reactive-streams-1.0.3.jar:/Users/fxnazao/.m2/repository/com/typesafe/netty/netty-reactive-streams/2.0.4/netty-reactive-streams-2.0.4.jar:/Users/fxnazao/.m2/repository/com/sun/activation/jakarta.activation/1.2.2/jakarta.activation-1.2.2.jar:/Users/fxnazao/.m2/repository/org/seleniumhq/selenium/selenium-http/4.1.2/selenium-http-4.1.2.jar:/Users/fxnazao/.m2/repository/net/jodah/failsafe/2.4.4/failsafe-2.4.4.jar:/Users/fxnazao/.m2/repository/org/seleniumhq/selenium/selenium-safari-driver/4.1.2/selenium-safari-driver-4.1.2.jar:/Users/fxnazao/.m2/repository/org/seleniumhq/selenium/selenium-support/4.1.2/selenium-support-4.1.2.jar:/Users/fxnazao/.m2/repository/org/testng/testng/7.5/testng-7.5.jar:/Users/fxnazao/.m2/repository/com/google/code/findbugs/jsr305/3.0.1/jsr305-3.0.1.jar:/Users/fxnazao/.m2/repository/org/slf4j/slf4j-api/1.7.32/slf4j-api-1.7.32.jar:/Users/fxnazao/.m2/repository/com/beust/jcommander/1.78/jcommander-1.78.jar:/Users/fxnazao/.m2/repository/org/webjars/jquery/3.5.1/jquery-3.5.1.jar:/Users/fxnazao/.m2/repository/io/rest-assured/rest-assured/4.5.0/rest-assured-4.5.0.jar:/Users/fxnazao/.m2/repository/org/codehaus/groovy/groovy/3.0.9/groovy-3.0.9.jar:/Users/fxnazao/.m2/repository/org/codehaus/groovy/groovy-xml/3.0.9/groovy-xml-3.0.9.jar:/Users/fxnazao/.m2/repository/org/apache/httpcomponents/httpclient/4.5.13/httpclient-4.5.13.jar:/Users/fxnazao/.m2/repository/org/apache/httpcomponents/httpcore/4.4.13/httpcore-4.4.13.jar:/Users/fxnazao/.m2/repository/commons-logging/commons-logging/1.2/commons-logging-1.2.jar:/Users/fxnazao/.m2/repository/commons-codec/commons-codec/1.11/commons-codec-1.11.jar:/Users/fxnazao/.m2/repository/org/apache/httpcomponents/httpmime/4.5.13/httpmime-4.5.13.jar:/Users/fxnazao/.m2/repository/org/hamcrest/hamcrest/2.1/hamcrest-2.1.jar:/Users/fxnazao/.m2/repository/org/ccil/cowan/tagsoup/tagsoup/1.2.1/tagsoup-1.2.1.jar:/Users/fxnazao/.m2/repository/io/rest-assured/json-path/4.5.0/json-path-4.5.0.jar:/Users/fxnazao/.m2/repository/org/codehaus/groovy/groovy-json/3.0.9/groovy-json-3.0.9.jar:/Users/fxnazao/.m2/repository/io/rest-assured/rest-assured-common/4.5.0/rest-assured-common-4.5.0.jar:/Users/fxnazao/.m2/repository/io/rest-assured/xml-path/4.5.0/xml-path-4.5.0.jar:/Users/fxnazao/.m2/repository/org/apache/commons/commons-lang3/3.11/commons-lang3-3.11.jar:/Users/fxnazao/.m2/repository/com/comcast/magic-wand/appium/4.0.3/appium-4.0.3.jar:/Users/fxnazao/.m2/repository/com/comcast/video/dawg/dawg-common/2.0.1/dawg-common-2.0.1.jar:/Users/fxnazao/.m2/repository/com/comcast/video/stb-io-api/2.0.1/stb-io-api-2.0.1.jar:/Users/fxnazao/.m2/repository/org/ini4j/ini4j/0.5.4/ini4j-0.5.4.jar:/Users/fxnazao/.m2/repository/org/easymock/easymock/3.1/easymock-3.1.jar:/Users/fxnazao/.m2/repository/cglib/cglib-nodep/2.2.2/cglib-nodep-2.2.2.jar:/Users/fxnazao/.m2/repository/org/objenesis/objenesis/1.2/objenesis-1.2.jar:/Users/fxnazao/.m2/repository/javax/servlet/servlet-api/2.5/servlet-api-2.5.jar:/Users/fxnazao/.m2/repository/javax/servlet/jstl/1.2/jstl-1.2.jar:/Users/fxnazao/.m2/repository/org/springframework/spring-oxm/3.2.14.RELEASE/spring-oxm-3.2.14.RELEASE.jar:/Users/fxnazao/.m2/repository/org/springframework/spring-context/3.2.14.RELEASE/spring-context-3.2.14.RELEASE.jar:/Users/fxnazao/.m2/repository/org/springframework/spring-aop/3.2.14.RELEASE/spring-aop-3.2.14.RELEASE.jar:/Users/fxnazao/.m2/repository/aopalliance/aopalliance/1.0/aopalliance-1.0.jar:/Users/fxnazao/.m2/repository/org/springframework/spring-expression/3.2.14.RELEASE/spring-expression-3.2.14.RELEASE.jar:/Users/fxnazao/.m2/repository/org/springframework/spring-webmvc/3.2.14.RELEASE/spring-webmvc-3.2.14.RELEASE.jar:/Users/fxnazao/.m2/repository/org/springframework/spring-core/3.2.14.RELEASE/spring-core-3.2.14.RELEASE.jar:/Users/fxnazao/.m2/repository/org/springframework/spring-web/3.2.14.RELEASE/spring-web-3.2.14.RELEASE.jar:/Users/fxnazao/.m2/repository/org/springframework/spring-jdbc/3.2.14.RELEASE/spring-jdbc-3.2.14.RELEASE.jar:/Users/fxnazao/.m2/repository/org/springframework/spring-tx/3.2.14.RELEASE/spring-tx-3.2.14.RELEASE.jar:/Users/fxnazao/.m2/repository/org/springframework/spring-beans/3.2.14.RELEASE/spring-beans-3.2.14.RELEASE.jar:/Users/fxnazao/.m2/repository/org/springframework/spring-test/3.2.14.RELEASE/spring-test-3.2.14.RELEASE.jar:/Users/fxnazao/.m2/repository/org/aspectj/aspectjrt/1.7.0/aspectjrt-1.7.0.jar:/Users/fxnazao/.m2/repository/org/slf4j/jcl-over-slf4j/1.7.1/jcl-over-slf4j-1.7.1.jar:/Users/fxnazao/.m2/repository/commons-io/commons-io/2.4/commons-io-2.4.jar:/Users/fxnazao/.m2/repository/commons-lang/commons-lang/2.6/commons-lang-2.6.jar:/Users/fxnazao/.m2/repository/com/comcast/cereal/cereal/4.0.2/cereal-4.0.2.jar:/Users/fxnazao/.m2/repository/commons-beanutils/commons-beanutils/1.7.0/commons-beanutils-1.7.0.jar:/Users/fxnazao/.m2/repository/org/yaml/snakeyaml/1.11/snakeyaml-1.11.jar:/Users/fxnazao/.m2/repository/joda-time/joda-time/1.5/joda-time-1.5.jar:/Users/fxnazao/.m2/repository/org/json/json/20140107/json-20140107.jar:/Users/fxnazao/.m2/repository/org/codehaus/jackson/jackson-mapper-asl/1.9.12/jackson-mapper-asl-1.9.12.jar:/Users/fxnazao/.m2/repository/org/codehaus/jackson/jackson-core-asl/1.9.12/jackson-core-asl-1.9.12.jar:/Users/fxnazao/.m2/repository/com/comcast/pantry/pantry/2.0.8/pantry-2.0.8.jar:/Users/fxnazao/.m2/repository/org/apache/commons/commons-compress/1.9/commons-compress-1.9.jar:/Users/fxnazao/.m2/repository/log4j/log4j/1.2.17/log4j-1.2.17.jar:/Users/fxnazao/.m2/repository/org/eclipse/jetty/websocket/websocket-client/9.1.0.M0/websocket-client-9.1.0.M0.jar:/Users/fxnazao/.m2/repository/org/eclipse/jetty/jetty-util/9.1.0.M0/jetty-util-9.1.0.M0.jar:/Users/fxnazao/.m2/repository/org/eclipse/jetty/jetty-io/9.1.0.M0/jetty-io-9.1.0.M0.jar:/Users/fxnazao/.m2/repository/org/eclipse/jetty/websocket/websocket-common/9.1.0.M0/websocket-common-9.1.0.M0.jar:/Users/fxnazao/.m2/repository/org/eclipse/jetty/websocket/websocket-api/9.1.0.M0/websocket-api-9.1.0.M0.jar:/Users/fxnazao/.m2/repository/javax/inject/javax.inject/1/javax.inject-1.jar:/Users/fxnazao/.m2/repository/org/springframework/data/spring-data-mongodb/1.5.4.RELEASE/spring-data-mongodb-1.5.4.RELEASE.jar:/Users/fxnazao/.m2/repository/org/springframework/data/spring-data-commons/1.8.4.RELEASE/spring-data-commons-1.8.4.RELEASE.jar:/Users/fxnazao/.m2/repository/org/mongodb/mongo-java-driver/2.12.1/mongo-java-driver-2.12.1.jar:/Users/fxnazao/.m2/repository/taglibs/standard/1.1.2/standard-1.1.2.jar:/Users/fxnazao/.m2/repository/eu/bitwalker/UserAgentUtils/1.18/UserAgentUtils-1.18.jar:/Users/fxnazao/.m2/repository/org/eclipse/jetty/aggregate/jetty-all-server/7.6.7.v20120910/jetty-all-server-7.6.7.v20120910.jar:/Users/fxnazao/.m2/repository/org/eclipse/jetty/orbit/javax.security.auth.message/1.0.0.v201108011116/javax.security.auth.message-1.0.0.v201108011116.jar:/Users/fxnazao/.m2/repository/org/eclipse/jetty/orbit/javax.mail.glassfish/1.4.1.v201005082020/javax.mail.glassfish-1.4.1.v201005082020.jar:/Users/fxnazao/.m2/repository/org/eclipse/jetty/orbit/javax.activation/1.1.0.v201105071233/javax.activation-1.1.0.v201105071233.jar:/Users/fxnazao/.m2/repository/org/eclipse/jetty/orbit/javax.annotation/1.1.0.v201108011116/javax.annotation-1.1.0.v201108011116.jar:/Users/fxnazao/.m2/repository/org/reflections/reflections/0.9.9-RC2/reflections-0.9.9-RC2.jar:/Users/fxnazao/.m2/repository/org/javassist/javassist/3.18.2-GA/javassist-3.18.2-GA.jar:/Users/fxnazao/.m2/repository/com/google/code/findbugs/annotations/2.0.1/annotations-2.0.1.jar:/Users/fxnazao/.m2/repository/dom4j/dom4j/1.6.1/dom4j-1.6.1.jar:/Users/fxnazao/.m2/repository/xml-apis/xml-apis/1.0.b2/xml-apis-1.0.b2.jar:/Users/fxnazao/.m2/repository/com/comcast/video/dawg/dawg-client/2.0.1/dawg-client-2.0.1.jar:/Users/fxnazao/.m2/repository/com/comcast/drivethru/drive-thru/2.0.3/drive-thru-2.0.3.jar:/Users/fxnazao/.m2/repository/com/google/code/gson/gson/2.2.4/gson-2.2.4.jar:/Users/fxnazao/.m2/repository/oauth/signpost/signpost-core/1.2.1/signpost-core-1.2.1.jar:/Users/fxnazao/.m2/repository/oauth/signpost/signpost-commonshttp4/1.2.1/signpost-commonshttp4-1.2.1.jar:/Users/fxnazao/.m2/repository/com/comcast/magic-wand/core/4.0.3/core-4.0.3.jar:/Users/fxnazao/.m2/repository/io/appium/java-client/2.2.0/java-client-2.2.0.jar:/Users/fxnazao/.m2/repository/cglib/cglib/3.1/cglib-3.1.jar:/Users/fxnazao/.m2/repository/org/ow2/asm/asm/4.2/asm-4.2.jar:/Users/fxnazao/.m2/repository/ch/qos/logback/logback-classic/1.1.2/logback-classic-1.1.2.jar:/Users/fxnazao/.m2/repository/ch/qos/logback/logback-core/1.1.2/logback-core-1.1.2.jar:"/>
    <property name="sun.cpu.endian" value="little"/>
    <property name="user.home" value="/Users/fxnazao"/>
    <property name="user.language" value="pl"/>
    <property name="java.specification.vendor" value="Oracle Corporation"/>
    <property name="java.version.date" value="2022-01-18"/>
    <property name="java.home" value="/Library/Java/JavaVirtualMachines/jdk-11.0.14.jdk/Contents/Home"/>
    <property name="file.separator" value="/"/>
    <property name="basedir" value="/Users/fxnazao/eclipse-workspace/maven"/>
    <property name="java.vm.compressedOopsMode" value="Zero based"/>
    <property name="line.separator" value="&#10;"/>
    <property name="java.specification.name" value="Java Platform API Specification"/>
    <property name="java.vm.specification.vendor" value="Oracle Corporation"/>
    <property name="java.awt.graphicsenv" value="sun.awt.CGraphicsEnvironment"/>
    <property name="surefire.real.class.path" value="/Users/fxnazao/eclipse-workspace/maven/target/surefire/surefirebooter11959661714126689722.jar"/>
    <property name="sun.management.compiler" value="HotSpot 64-Bit Tiered Compilers"/>
    <property name="ftp.nonProxyHosts" value="local|*.local|169.254/16|*.169.254/16"/>
    <property name="java.runtime.version" value="11.0.14+8-LTS-263"/>
    <property name="user.name" value="fxnazao"/>
    <property name="path.separator" value=":"/>
    <property name="os.version" value="12.0.1"/>
    <property name="java.runtime.name" value="Java(TM) SE Runtime Environment"/>
    <property name="file.encoding" value="UTF-8"/>
    <property name="java.vm.name" value="Java HotSpot(TM) 64-Bit Server VM"/>
    <property name="java.vendor.version" value="18.9"/>
    <property name="localRepository" value="/Users/fxnazao/.m2/repository"/>
    <property name="java.vendor.url.bug" value="https://bugreport.java.com/bugreport/"/>
    <property name="java.io.tmpdir" value="/var/folders/fm/m7mkj1913m38rqk2dzfzz8c40000gn/T/"/>
    <property name="java.version" value="11.0.14"/>
    <property name="user.dir" value="/Users/fxnazao/eclipse-workspace/maven"/>
    <property name="os.arch" value="x86_64"/>
    <property name="java.vm.specification.name" value="Java Virtual Machine Specification"/>
    <property name="java.awt.printerjob" value="sun.lwawt.macosx.CPrinterJob"/>
    <property name="sun.os.patch.level" value="unknown"/>
    <property name="java.library.path" value="/Users/fxnazao/Library/Java/Extensions:/Library/Java/Extensions:/Network/Library/Java/Extensions:/System/Library/Java/Extensions:/usr/lib/java:."/>
    <property name="java.vendor" value="Oracle Corporation"/>
    <property name="java.vm.info" value="mixed mode"/>
    <property name="java.vm.version" value="11.0.14+8-LTS-263"/>
    <property name="sun.io.unicode.encoding" value="UnicodeBig"/>
    <property name="java.class.version" value="55.0"/>
    <property name="socksNonProxyHosts" value="local|*.local|169.254/16|*.169.254/16"/>
  </properties>
  <testcase name="BrowserAutomation" classname="Maven.AppiumTest" time="0">
    <system-out><![CDATA[13:36:16,207 |-INFO in ch.qos.logback.classic.LoggerContext[default] - Could NOT find resource [logback.groovy]
13:36:16,208 |-INFO in ch.qos.logback.classic.LoggerContext[default] - Could NOT find resource [logback-test.xml]
13:36:16,210 |-INFO in ch.qos.logback.classic.LoggerContext[default] - Found resource [logback.xml] at [jar:file:/Users/fxnazao/.m2/repository/com/comcast/magic-wand/core/4.0.3/core-4.0.3.jar!/logback.xml]
13:36:16,259 |-INFO in ch.qos.logback.core.joran.spi.ConfigurationWatchList@f5acb9d - URL [jar:file:/Users/fxnazao/.m2/repository/com/comcast/magic-wand/core/4.0.3/core-4.0.3.jar!/logback.xml] is not of type file
13:36:16,413 |-INFO in ch.qos.logback.classic.joran.action.ConfigurationAction - debug attribute not set
13:36:16,436 |-INFO in ch.qos.logback.core.joran.action.AppenderAction - About to instantiate appender of type [ch.qos.logback.core.ConsoleAppender]
13:36:16,440 |-INFO in ch.qos.logback.core.joran.action.AppenderAction - Naming appender as [A1]
13:36:16,503 |-ERROR in ch.qos.logback.core.joran.spi.Interpreter@23:17 - no applicable action for [follow], current ElementPath  is [[configuration][appender][follow]]
13:36:16,505 |-INFO in ch.qos.logback.core.joran.action.NestedComplexPropertyIA - Assuming default type [ch.qos.logback.classic.encoder.PatternLayoutEncoder] for [encoder] property
13:36:16,557 |-INFO in ch.qos.logback.classic.joran.action.LoggerAction - Setting level of logger [org.apache] to ERROR
13:36:16,557 |-INFO in ch.qos.logback.classic.joran.action.LoggerAction - Setting level of logger [httpclient.wire] to ERROR
13:36:16,557 |-INFO in ch.qos.logback.classic.joran.action.RootLoggerAction - Setting level of ROOT logger to DEBUG
13:36:16,557 |-INFO in ch.qos.logback.core.joran.action.AppenderRefAction - Attaching appender named [A1] to Logger[ROOT]
13:36:16,558 |-INFO in ch.qos.logback.classic.joran.action.ConfigurationAction - End of configuration.
13:36:16,560 |-INFO in ch.qos.logback.classic.joran.JoranConfigurator@4fb3ee4e - Registering current configuration as safe fallback point

[MagicWand-DEBUG](main) org.testng.TestNG - suiteXmlPath: "/Users/fxnazao/eclipse-workspace/maven/testng.xml"
[MagicWand-DEBUG](main) org.testng.internal.Graph - [Graph] ADDING NODE AppiumTest.BrowserAutomation()[pri:0, instance:Maven.AppiumTest@1722011b] 1350507538
[MagicWand-DEBUG](main) org.testng.internal.Graph - [Graph] ADDING NODE AppiumTest.ElementsUI()[pri:0, instance:Maven.AppiumTest@1722011b] -1857496386
[MagicWand-DEBUG](main) org.testng.internal.Graph - [Graph] ADDING NODE SeleniumTest.iosApp()[pri:0, instance:Maven.SeleniumTest@125290e5] 558730111
[MagicWand-DEBUG](main) org.testng.internal.Graph - [Graph] ADDING NODE SeleniumTest.nativeApp()[pri:0, instance:Maven.SeleniumTest@125290e5] -320659091
[MagicWand-DEBUG](main) org.testng.internal.Graph - [Graph] ADDING NODE AppTest.shouldAnswerWithTrue()[pri:0, instance:Maven.AppTest@6fa34d52] -1258194338
[MagicWand-DEBUG](main) org.testng.internal.Graph - [Graph] ================ SORTING
[MagicWand-DEBUG](main) org.testng.internal.Graph - [Graph] =============== DONE SORTING
[MagicWand-DEBUG](main) org.testng.internal.Graph - [Graph] ====== SORTED NODES
[MagicWand-DEBUG](main) org.testng.internal.Graph - [Graph] ====== END SORTED NODES
browserAutomation
]]></system-out>
  </testcase>
  <testcase name="ElementsUI" classname="Maven.AppiumTest" time="0.002">
    <system-out><![CDATA[UI Elements
]]></system-out>
  </testcase>
  <testcase name="iosApp" classname="Maven.SeleniumTest" time="0">
    <system-out><![CDATA[ios app is working
]]></system-out>
  </testcase>
  <testcase name="nativeApp" classname="Maven.SeleniumTest" time="0">
    <system-out><![CDATA[Native app is working
]]></system-out>
  </testcase>
  <testcase name="shouldAnswerWithTrue" classname="Maven.AppTest" time="0.001"/>
</testsuite>