<?xml version="1.0" encoding="UTF-8"?>
<!-- Generated by org.testng.reporters.JUnitReportReporter -->
<testsuite hostname="macbook-air-fx.home" failures="0" tests="1" name="Maven.AppTest" time="0.011" errors="0" timestamp="2022-02-07T12:49:03 CET" skipped="0">
  <testcase classname="Maven.AppTest" name="shouldAnswerWithTrue" time="0.011"/>
  <system-out/>
</testsuite> <!-- Maven.AppTest -->
