<?xml version="1.0" encoding="UTF-8"?>
<!-- Generated by org.testng.reporters.JUnitReportReporter -->
<testsuite hostname="macbook-air-fx.home" failures="0" tests="2" name="Maven.AppiumTest" time="0.008" errors="0" timestamp="2022-02-07T13:19:01 CET" skipped="0">
  <testcase classname="Maven.AppiumTest" name="BrowserAutomation" time="0.006"/>
  <system-out/>
  <testcase classname="Maven.AppiumTest" name="ElementsUI" time="0.002"/>
  <system-out/>
</testsuite> <!-- Maven.AppiumTest -->
