<?xml version="1.0" encoding="UTF-8"?>
<!-- Generated by org.testng.reporters.JUnitReportReporter -->
<testsuite hostname="macbook-air-fx.home" failures="0" tests="2" name="Maven.SeleniumTest" time="0.012" errors="0" timestamp="2022-02-07T13:19:01 CET" skipped="0">
  <testcase classname="Maven.SeleniumTest" name="iosApp" time="0.010"/>
  <system-out/>
  <testcase classname="Maven.SeleniumTest" name="nativeApp" time="0.002"/>
  <system-out/>
</testsuite> <!-- Maven.SeleniumTest -->
