<?xml version="1.0" encoding="UTF-8"?>
<!-- Generated by org.testng.reporters.JUnitReportReporter -->
<testsuite hostname="macbook-air-fx.home" failures="0" tests="2" name="Maven.RestAPI" time="0.001" errors="0" timestamp="2022-02-07T13:36:05 CET" skipped="0">
  <testcase classname="Maven.RestAPI" name="postJira" time="0.000"/>
  <system-out/>
  <testcase classname="Maven.RestAPI" name="deleteTwitter" time="0.001"/>
  <system-out/>
</testsuite> <!-- Maven.RestAPI -->
